# JRE version: OpenJDK Runtime Environment (14.0.2+12) (build 14.0.2+12-46)
# Java VM: OpenJDK 64-Bit Server VM (14.0.2+12-46, mixed mode, tiered, compressed oops, g1 gc, linux-amd64)
Heap:
 garbage-first heap   total 315392K, used 231404K [0x0000000080000000, 0x0000000100000000)
  region size 1024K, 115 young (117760K), 7 survivors (7168K)
 Metaspace       used 133732K, capacity 146242K, committed 146568K, reserved 1177600K
  class space    used 15193K, capacity 19002K, committed 19020K, reserved 1048576K
GC Heap History (20 events):
Event: 3.580 GC heap before
{Heap before GC invocations=7 (full 0):
 garbage-first heap   total 262144K, used 153797K [0x0000000080000000, 0x0000000100000000)
  region size 1024K, 117 young (119808K), 13 survivors (13312K)
 Metaspace       used 55544K, capacity 61163K, committed 61256K, reserved 1101824K
  class space    used 6243K, capacity 7999K, committed 8064K, reserved 1048576K
}
Event: 3.589 GC heap after
{Heap after GC invocations=8 (full 0):
 garbage-first heap   total 262144K, used 57216K [0x0000000080000000, 0x0000000100000000)
  region size 1024K, 15 young (15360K), 15 survivors (15360K)
 Metaspace       used 55544K, capacity 61163K, committed 61256K, reserved 1101824K
  class space    used 6243K, capacity 7999K, committed 8064K, reserved 1048576K
}
Event: 4.546 GC heap before
{Heap before GC invocations=9 (full 0):
 garbage-first heap   total 262144K, used 164736K [0x0000000080000000, 0x0000000100000000)
  region size 1024K, 121 young (123904K), 15 survivors (15360K)
 Metaspace       used 78047K, capacity 85009K, committed 85360K, reserved 1124352K
  class space    used 8792K, capacity 10932K, committed 11008K, reserved 1048576K
}
Event: 4.553 GC heap after
{Heap after GC invocations=10 (full 0):
 garbage-first heap   total 262144K, used 67114K [0x0000000080000000, 0x0000000100000000)
  region size 1024K, 11 young (11264K), 11 survivors (11264K)
 Metaspace       used 78047K, capacity 85009K, committed 85360K, reserved 1124352K
  class space    used 8792K, capacity 10932K, committed 11008K, reserved 1048576K
}
Event: 5.504 GC heap before
{Heap before GC invocations=11 (full 0):
 garbage-first heap   total 262144K, used 179754K [0x0000000080000000, 0x0000000100000000)
  region size 1024K, 122 young (124928K), 11 survivors (11264K)
 Metaspace       used 90620K, capacity 99467K, committed 99568K, reserved 1136640K
  class space    used 10429K, capacity 13173K, committed 13184K, reserved 1048576K
}
Event: 5.517 GC heap after
{Heap after GC invocations=12 (full 0):
 garbage-first heap   total 262144K, used 78105K [0x0000000080000000, 0x0000000100000000)
  region size 1024K, 13 young (13312K), 13 survivors (13312K)
 Metaspace       used 90620K, capacity 99467K, committed 99568K, reserved 1136640K
  class space    used 10429K, capacity 13173K, committed 13184K, reserved 1048576K
}
Event: 5.759 GC heap before
{Heap before GC invocations=12 (full 0):
 garbage-first heap   total 262144K, used 190745K [0x0000000080000000, 0x0000000100000000)
  region size 1024K, 122 young (124928K), 13 survivors (13312K)
 Metaspace       used 95611K, capacity 104815K, committed 105200K, reserved 1140736K
  class space    used 10995K, capacity 13874K, committed 13952K, reserved 1048576K
}
Event: 5.770 GC heap after
{Heap after GC invocations=13 (full 0):
 garbage-first heap   total 262144K, used 89163K [0x0000000080000000, 0x0000000100000000)
  region size 1024K, 10 young (10240K), 10 survivors (10240K)
 Metaspace       used 95611K, capacity 104815K, committed 105200K, reserved 1140736K
  class space    used 10995K, capacity 13874K, committed 13952K, reserved 1048576K
}
Event: 6.145 GC heap before
{Heap before GC invocations=13 (full 0):
 garbage-first heap   total 262144K, used 198731K [0x0000000080000000, 0x0000000100000000)
  region size 1024K, 115 young (117760K), 10 survivors (10240K)
 Metaspace       used 106187K, capacity 116201K, committed 116464K, reserved 1150976K
  class space    used 12128K, capacity 15181K, committed 15232K, reserved 1048576K
}
Event: 6.155 GC heap after
{Heap after GC invocations=14 (full 0):
 garbage-first heap   total 315392K, used 102382K [0x0000000080000000, 0x0000000100000000)
  region size 1024K, 14 young (14336K), 14 survivors (14336K)
 Metaspace       used 106187K, capacity 116201K, committed 116464K, reserved 1150976K
  class space    used 12128K, capacity 15181K, committed 15232K, reserved 1048576K
}
Event: 7.902 GC heap before
{Heap before GC invocations=14 (full 0):
 garbage-first heap   total 315392K, used 242670K [0x0000000080000000, 0x0000000100000000)
  region size 1024K, 149 young (152576K), 14 survivors (14336K)
 Metaspace       used 115600K, capacity 126592K, committed 126832K, reserved 1159168K
  class space    used 13259K, capacity 16611K, committed 16640K, reserved 1048576K
}
Event: 7.909 GC heap after
{Heap after GC invocations=15 (full 0):
 garbage-first heap   total 315392K, used 111849K [0x0000000080000000, 0x0000000100000000)
  region size 1024K, 10 young (10240K), 10 survivors (10240K)
 Metaspace       used 115600K, capacity 126592K, committed 126832K, reserved 1159168K
  class space    used 13259K, capacity 16611K, committed 16640K, reserved 1048576K
}
Event: 9.729 GC heap before
{Heap before GC invocations=15 (full 0):
 garbage-first heap   total 315392K, used 242921K [0x0000000080000000, 0x0000000100000000)
  region size 1024K, 138 young (141312K), 10 survivors (10240K)
 Metaspace       used 122858K, capacity 134196K, committed 134512K, reserved 1167360K
  class space    used 14006K, capacity 17585K, committed 17664K, reserved 1048576K
}
Event: 9.735 GC heap after
{Heap after GC invocations=16 (full 0):
 garbage-first heap   total 315392K, used 116670K [0x0000000080000000, 0x0000000100000000)
  region size 1024K, 15 young (15360K), 15 survivors (15360K)
 Metaspace       used 122858K, capacity 134196K, committed 134512K, reserved 1167360K
  class space    used 14006K, capacity 17585K, committed 17664K, reserved 1048576K
}
Event: 14.818 GC heap before
{Heap before GC invocations=16 (full 0):
 garbage-first heap   total 315392K, used 246718K [0x0000000080000000, 0x0000000100000000)
  region size 1024K, 142 young (145408K), 15 survivors (15360K)
 Metaspace       used 127140K, capacity 138835K, committed 138992K, reserved 1171456K
  class space    used 14403K, capacity 18032K, committed 18048K, reserved 1048576K
}
Event: 14.824 GC heap after
{Heap after GC invocations=17 (full 0):
 garbage-first heap   total 315392K, used 121026K [0x0000000080000000, 0x0000000100000000)
  region size 1024K, 12 young (12288K), 12 survivors (12288K)
 Metaspace       used 127140K, capacity 138835K, committed 138992K, reserved 1171456K
  class space    used 14403K, capacity 18032K, committed 18048K, reserved 1048576K
}
Event: 15.040 GC heap before
{Heap before GC invocations=17 (full 0):
 garbage-first heap   total 315392K, used 251074K [0x0000000080000000, 0x0000000100000000)
  region size 1024K, 140 young (143360K), 12 survivors (12288K)
 Metaspace       used 127364K, capacity 139037K, committed 139248K, reserved 1171456K
  class space    used 14417K, capacity 18035K, committed 18048K, reserved 1048576K
}
Event: 15.044 GC heap after
{Heap after GC invocations=18 (full 0):
 garbage-first heap   total 315392K, used 120937K [0x0000000080000000, 0x0000000100000000)
  region size 1024K, 6 young (6144K), 6 survivors (6144K)
 Metaspace       used 127364K, capacity 139037K, committed 139248K, reserved 1171456K
  class space    used 14417K, capacity 18035K, committed 18048K, reserved 1048576K
}
Event: 25.627 GC heap before
{Heap before GC invocations=18 (full 0):
 garbage-first heap   total 315392K, used 246889K [0x0000000080000000, 0x0000000100000000)
  region size 1024K, 130 young (133120K), 6 survivors (6144K)
 Metaspace       used 130546K, capacity 142864K, committed 142908K, reserved 1173504K
  class space    used 14851K, capacity 18673K, committed 18688K, reserved 1048576K
}
Event: 25.631 GC heap after
{Heap after GC invocations=19 (full 0):
 garbage-first heap   total 315392K, used 121836K [0x0000000080000000, 0x0000000100000000)
  region size 1024K, 7 young (7168K), 7 survivors (7168K)
 Metaspace       used 130546K, capacity 142864K, committed 142908K, reserved 1173504K
  class space    used 14851K, capacity 18673K, committed 18688K, reserved 1048576K
}

